<?xml version="1.0" encoding="UTF-8"?>
<testsuites>
    <testsuite name="login;login-to-the-betking-application" tests="3" failures="0" skipped="0">
        <properties>
            <property name="URI" value="features/login.feature">
            </property>
        </properties>
        <testcase name="Given User launched BetKing login page" classname="login;login-to-the-betking-application" time="4.05">
        </testcase>
        <testcase name="When User logged in BetKing using the valid username &quot;QATestOnline&quot; and the valid password &quot;TFNeQbEn5Y6du7C&quot;" classname="login;login-to-the-betking-application" time="0.386">
        </testcase>
        <testcase name="Then user should see a BetKing welcome text" classname="login;login-to-the-betking-application" time="2.07">
        </testcase>
    </testsuite>
    <testsuite name="login;login-to-the-betking-application-with-wrong-password" tests="3" failures="0" skipped="0">
        <properties>
            <property name="URI" value="features/login.feature">
            </property>
        </properties>
        <testcase name="Given User launched BetKing login page" classname="login;login-to-the-betking-application-with-wrong-password" time="10.097">
        </testcase>
        <testcase name="When User logged in Betking using the invalid username &quot;test.com&quot; and the invalid password &quot;Testing$1&quot;" classname="login;login-to-the-betking-application-with-wrong-password" time="0.197">
        </testcase>
        <testcase name="Then User should not get logged in" classname="login;login-to-the-betking-application-with-wrong-password" time="0.665">
        </testcase>
    </testsuite>
</testsuites>